h:\school\art institute of vancouver\semester_8\vgp240 3d graphics & applications\assignments\01\cmgfx\debug\cmgfx.pch
h:\school\art institute of vancouver\semester_8\vgp240 3d graphics & applications\assignments\01\cmgfx\debug\vc120.pdb
h:\school\art institute of vancouver\semester_8\vgp240 3d graphics & applications\assignments\01\cmgfx\debug\vc120.idb
h:\school\art institute of vancouver\semester_8\vgp240 3d graphics & applications\assignments\01\cmgfx\debug\stdafx.obj
h:\school\art institute of vancouver\semester_8\vgp240 3d graphics & applications\assignments\01\cmgfx\debug\cmdcolor.obj
h:\school\art institute of vancouver\semester_8\vgp240 3d graphics & applications\assignments\01\cmgfx\debug\rasterizer.obj
h:\school\art institute of vancouver\semester_8\vgp240 3d graphics & applications\assignments\01\cmgfx\debug\cmddrawpixel.obj
h:\school\art institute of vancouver\semester_8\vgp240 3d graphics & applications\assignments\01\cmgfx\debug\scriptparser.obj
h:\school\art institute of vancouver\semester_8\vgp240 3d graphics & applications\assignments\01\cmgfx\debug\vector2.obj
h:\school\art institute of vancouver\semester_8\vgp240 3d graphics & applications\assignments\01\cmgfx\debug\vector3.obj
h:\school\art institute of vancouver\semester_8\vgp240 3d graphics & applications\assignments\01\cmgfx\debug\childfrm.obj
h:\school\art institute of vancouver\semester_8\vgp240 3d graphics & applications\assignments\01\cmgfx\debug\cmgfx.obj
h:\school\art institute of vancouver\semester_8\vgp240 3d graphics & applications\assignments\01\cmgfx\debug\cmgfxdoc.obj
h:\school\art institute of vancouver\semester_8\vgp240 3d graphics & applications\assignments\01\cmgfx\debug\cmgfxview.obj
h:\school\art institute of vancouver\semester_8\vgp240 3d graphics & applications\assignments\01\cmgfx\debug\cntritem.obj
h:\school\art institute of vancouver\semester_8\vgp240 3d graphics & applications\assignments\01\cmgfx\debug\mainfrm.obj
h:\school\art institute of vancouver\semester_8\vgp240 3d graphics & applications\assignments\01\cmgfx\debug\oglmfcdialogdlg.obj
h:\school\art institute of vancouver\semester_8\vgp240 3d graphics & applications\assignments\01\cmgfx\debug\openglcontrol.obj
h:\school\art institute of vancouver\semester_8\vgp240 3d graphics & applications\assignments\01\cmgfx\debug\cmdvertex2.obj
h:\school\art institute of vancouver\semester_8\vgp240 3d graphics & applications\assignments\01\cmgfx\debug\cmddrawline.obj
h:\school\art institute of vancouver\semester_8\vgp240 3d graphics & applications\assignments\01\debug\cmgfx.ilk
h:\school\art institute of vancouver\semester_8\vgp240 3d graphics & applications\assignments\01\debug\cmgfx.exe
h:\school\art institute of vancouver\semester_8\vgp240 3d graphics & applications\assignments\01\debug\cmgfx.pdb
h:\school\art institute of vancouver\semester_8\vgp240 3d graphics & applications\assignments\01\cmgfx\debug\cmgfx.res
h:\school\art institute of vancouver\semester_8\vgp240 3d graphics & applications\assignments\01\cmgfx\debug\cmgfx.tlog\cl.command.1.tlog
h:\school\art institute of vancouver\semester_8\vgp240 3d graphics & applications\assignments\01\cmgfx\debug\cmgfx.tlog\cl.read.1.tlog
h:\school\art institute of vancouver\semester_8\vgp240 3d graphics & applications\assignments\01\cmgfx\debug\cmgfx.tlog\cl.write.1.tlog
h:\school\art institute of vancouver\semester_8\vgp240 3d graphics & applications\assignments\01\cmgfx\debug\cmgfx.tlog\link.command.1.tlog
h:\school\art institute of vancouver\semester_8\vgp240 3d graphics & applications\assignments\01\cmgfx\debug\cmgfx.tlog\link.read.1.tlog
h:\school\art institute of vancouver\semester_8\vgp240 3d graphics & applications\assignments\01\cmgfx\debug\cmgfx.tlog\link.write.1.tlog
h:\school\art institute of vancouver\semester_8\vgp240 3d graphics & applications\assignments\01\cmgfx\debug\cmgfx.tlog\rc.command.1.tlog
h:\school\art institute of vancouver\semester_8\vgp240 3d graphics & applications\assignments\01\cmgfx\debug\cmgfx.tlog\rc.read.1.tlog
h:\school\art institute of vancouver\semester_8\vgp240 3d graphics & applications\assignments\01\cmgfx\debug\cmgfx.tlog\rc.write.1.tlog
